D:\workspace\Test\LearnOpenCV\Debug\LearnOpenCV.pdb
D:\workspace\Test\LearnOpenCV\LearnOpenCV\Debug\cl.command.1.tlog
D:\workspace\Test\LearnOpenCV\LearnOpenCV\Debug\CL.read.1.tlog
D:\workspace\Test\LearnOpenCV\LearnOpenCV\Debug\CL.write.1.tlog
D:\WORKSPACE\TEST\LEARNOPENCV\LEARNOPENCV\DEBUG\GLOBLE_OTSU_BINARIZER.OBJ
D:\workspace\Test\LearnOpenCV\LearnOpenCV\Debug\LearnOpenCV.exe.embed.manifest
D:\WORKSPACE\TEST\LEARNOPENCV\LEARNOPENCV\DEBUG\LEARNOPENCV.EXE.EMBED.MANIFEST.RES
D:\workspace\Test\LearnOpenCV\LearnOpenCV\Debug\LearnOpenCV.exe.intermediate.manifest
D:\workspace\Test\LearnOpenCV\LearnOpenCV\Debug\LearnOpenCV_manifest.rc
D:\workspace\Test\LearnOpenCV\LearnOpenCV\Debug\link.command.1.tlog
D:\workspace\Test\LearnOpenCV\LearnOpenCV\Debug\link.read.1.tlog
D:\workspace\Test\LearnOpenCV\LearnOpenCV\Debug\link.write.1.tlog
D:\workspace\Test\LearnOpenCV\LearnOpenCV\Debug\link-cvtres.read.1.tlog
D:\workspace\Test\LearnOpenCV\LearnOpenCV\Debug\link-cvtres.write.1.tlog
D:\WORKSPACE\TEST\LEARNOPENCV\LEARNOPENCV\DEBUG\MAIN.OBJ
D:\WORKSPACE\TEST\LEARNOPENCV\LEARNOPENCV\DEBUG\OPENCV_FUNCTION.OBJ
D:\workspace\Test\LearnOpenCV\LearnOpenCV\Debug\rc.command.1.tlog
D:\workspace\Test\LearnOpenCV\LearnOpenCV\Debug\rc.read.1.tlog
D:\workspace\Test\LearnOpenCV\LearnOpenCV\Debug\rc.write.1.tlog
D:\workspace\Test\LearnOpenCV\LearnOpenCV\Debug\vc100.idb
D:\WORKSPACE\TEST\LEARNOPENCV\LEARNOPENCV\DEBUG\VC100.PDB
